2025-12-16 08:28:42.678  INFO 25644 --- [restartedMain] c.a.n.client.env.SearchableProperties    : properties search order:PROPERTIES->JVM->ENV->DEFAULT_SETTING
2025-12-16 08:28:42.806  INFO 25644 --- [restartedMain] edu.ecopm.frontend.FrontendApplication   : Starting FrontendApplication using Java 1.8.0_161 on LAPTOP-4SPRK4PM with PID 25644 (D:\project\ECOPM-System\frontend\target\classes started by jayet in D:\project\ECOPM-System\frontend)
2025-12-16 08:28:42.808  INFO 25644 --- [restartedMain] edu.ecopm.frontend.FrontendApplication   : No active profile set, falling back to 1 default profile: "default"
2025-12-16 08:28:42.846  INFO 25644 --- [restartedMain] .e.DevToolsPropertyDefaultsPostProcessor : Devtools property defaults active! Set 'spring.devtools.add-properties' to 'false' to disable
2025-12-16 08:28:42.847  INFO 25644 --- [restartedMain] .e.DevToolsPropertyDefaultsPostProcessor : For additional web related logging consider setting the 'logging.level.web' property to 'DEBUG'
2025-12-16 08:28:43.486  INFO 25644 --- [restartedMain] o.s.cloud.context.scope.GenericScope     : BeanFactory id=80fc7ee7-828d-3ba7-8225-549fa68ecfdd
2025-12-16 08:28:44.220  INFO 25644 --- [restartedMain] o.s.b.w.embedded.tomcat.TomcatWebServer  : Tomcat initialized with port(s): 8080 (http)
2025-12-16 08:28:44.230  INFO 25644 --- [restartedMain] o.apache.catalina.core.StandardService   : Starting service [Tomcat]
2025-12-16 08:28:44.231  INFO 25644 --- [restartedMain] org.apache.catalina.core.StandardEngine  : Starting Servlet engine: [Apache Tomcat/9.0.68]
2025-12-16 08:28:44.333  INFO 25644 --- [restartedMain] o.a.c.c.C.[Tomcat].[localhost].[/]       : Initializing Spring embedded WebApplicationContext
2025-12-16 08:28:44.333  INFO 25644 --- [restartedMain] w.s.c.ServletWebServerApplicationContext : Root WebApplicationContext: initialization completed in 1485 ms
2025-12-16 08:28:44.513  INFO 25644 --- [restartedMain] o.s.b.a.w.s.WelcomePageHandlerMapping    : Adding welcome page: class path resource [static/index.html]
2025-12-16 08:28:46.175  INFO 25644 --- [restartedMain] o.s.cloud.commons.util.InetUtils         : Cannot determine local hostname
2025-12-16 08:28:46.875  WARN 25644 --- [restartedMain] o.s.b.d.a.OptionalLiveReloadServer       : Unable to start LiveReload server
2025-12-16 08:28:48.546  INFO 25644 --- [restartedMain] o.s.cloud.commons.util.InetUtils         : Cannot determine local hostname
2025-12-16 08:28:48.585  INFO 25644 --- [restartedMain] o.s.b.w.embedded.tomcat.TomcatWebServer  : Tomcat started on port(s): 8080 (http) with context path ''
2025-12-16 08:28:48.625  INFO 25644 --- [restartedMain] c.a.n.p.a.s.c.ClientAuthPluginManager    : [ClientAuthPluginManager] Load ClientAuthService com.alibaba.nacos.client.auth.impl.NacosClientAuthServiceImpl success.
2025-12-16 08:28:48.625  INFO 25644 --- [restartedMain] c.a.n.p.a.s.c.ClientAuthPluginManager    : [ClientAuthPluginManager] Load ClientAuthService com.alibaba.nacos.client.auth.ram.RamClientAuthServiceImpl success.
2025-12-16 08:28:50.468  INFO 25644 --- [restartedMain] c.a.c.n.registry.NacosServiceRegistry    : nacos registry, DEFAULT_GROUP frontend-service 26.104.147.216:8080 register finished
2025-12-16 08:28:51.994  INFO 25644 --- [restartedMain] o.s.cloud.commons.util.InetUtils         : Cannot determine local hostname
2025-12-16 08:28:52.000  INFO 25644 --- [restartedMain] edu.ecopm.frontend.FrontendApplication   : Started FrontendApplication in 11.181 seconds (JVM running for 11.714)
2025-12-16 08:29:09.117  INFO 25644 --- [http-nio-8080-exec-1] o.a.c.c.C.[Tomcat].[localhost].[/]       : Initializing Spring DispatcherServlet 'dispatcherServlet'
2025-12-16 08:29:09.118  INFO 25644 --- [http-nio-8080-exec-1] o.s.web.servlet.DispatcherServlet        : Initializing Servlet 'dispatcherServlet'
2025-12-16 08:29:09.119  INFO 25644 --- [http-nio-8080-exec-1] o.s.web.servlet.DispatcherServlet        : Completed initialization in 1 ms
