2025-12-16 08:04:19.253  INFO 3684 --- [restartedMain] c.a.n.client.env.SearchableProperties    : properties search order:PROPERTIES->JVM->ENV->DEFAULT_SETTING
2025-12-16 08:04:19.316  INFO 3684 --- [restartedMain] edu.ecopm.frontend.FrontendApplication   : Starting FrontendApplication using Java 17.0.12 on LAPTOP-4SPRK4PM with PID 3684 (D:\project\ECOPM-System\frontend\target\classes started by jayet in D:\project\ECOPM-System)
2025-12-16 08:04:19.316  INFO 3684 --- [restartedMain] edu.ecopm.frontend.FrontendApplication   : No active profile set, falling back to 1 default profile: "default"
2025-12-16 08:04:19.336  INFO 3684 --- [restartedMain] .e.DevToolsPropertyDefaultsPostProcessor : Devtools property defaults active! Set 'spring.devtools.add-properties' to 'false' to disable
2025-12-16 08:04:19.336  INFO 3684 --- [restartedMain] .e.DevToolsPropertyDefaultsPostProcessor : For additional web related logging consider setting the 'logging.level.web' property to 'DEBUG'
2025-12-16 08:04:19.646  INFO 3684 --- [restartedMain] o.s.cloud.context.scope.GenericScope     : BeanFactory id=c88af1ae-1c7d-3891-a900-1df9c27edbe9
2025-12-16 08:04:19.812  INFO 3684 --- [restartedMain] o.s.b.w.embedded.tomcat.TomcatWebServer  : Tomcat initialized with port(s): 8080 (http)
2025-12-16 08:04:19.818  INFO 3684 --- [restartedMain] o.apache.catalina.core.StandardService   : Starting service [Tomcat]
2025-12-16 08:04:19.818  INFO 3684 --- [restartedMain] org.apache.catalina.core.StandardEngine  : Starting Servlet engine: [Apache Tomcat/9.0.68]
2025-12-16 08:04:19.863  INFO 3684 --- [restartedMain] o.a.c.c.C.[Tomcat].[localhost].[/]       : Initializing Spring embedded WebApplicationContext
2025-12-16 08:04:19.863  INFO 3684 --- [restartedMain] w.s.c.ServletWebServerApplicationContext : Root WebApplicationContext: initialization completed in 527 ms
2025-12-16 08:04:19.975  INFO 3684 --- [restartedMain] o.s.b.a.w.s.WelcomePageHandlerMapping    : Adding welcome page: class path resource [static/index.html]
2025-12-16 08:04:21.096  INFO 3684 --- [restartedMain] o.s.cloud.commons.util.InetUtils         : Cannot determine local hostname
2025-12-16 08:04:21.245  WARN 3684 --- [restartedMain] o.s.b.d.a.OptionalLiveReloadServer       : Unable to start LiveReload server
2025-12-16 08:04:22.370  INFO 3684 --- [restartedMain] o.s.cloud.commons.util.InetUtils         : Cannot determine local hostname
2025-12-16 08:04:22.415  INFO 3684 --- [restartedMain] o.s.b.w.embedded.tomcat.TomcatWebServer  : Tomcat started on port(s): 8080 (http) with context path ''
2025-12-16 08:04:22.436  INFO 3684 --- [restartedMain] c.a.n.p.a.s.c.ClientAuthPluginManager    : [ClientAuthPluginManager] Load ClientAuthService com.alibaba.nacos.client.auth.impl.NacosClientAuthServiceImpl success.
2025-12-16 08:04:22.436  INFO 3684 --- [restartedMain] c.a.n.p.a.s.c.ClientAuthPluginManager    : [ClientAuthPluginManager] Load ClientAuthService com.alibaba.nacos.client.auth.ram.RamClientAuthServiceImpl success.
2025-12-16 08:04:23.002  INFO 3684 --- [restartedMain] c.a.c.n.registry.NacosServiceRegistry    : nacos registry, DEFAULT_GROUP frontend-service 26.104.147.216:8080 register finished
2025-12-16 08:04:24.112  INFO 3684 --- [restartedMain] o.s.cloud.commons.util.InetUtils         : Cannot determine local hostname
2025-12-16 08:04:24.118  INFO 3684 --- [restartedMain] edu.ecopm.frontend.FrontendApplication   : Started FrontendApplication in 6.168 seconds (JVM running for 6.549)
2025-12-16 08:04:53.047  INFO 3684 --- [http-nio-8080-exec-1] o.a.c.c.C.[Tomcat].[localhost].[/]       : Initializing Spring DispatcherServlet 'dispatcherServlet'
2025-12-16 08:04:53.047  INFO 3684 --- [http-nio-8080-exec-1] o.s.web.servlet.DispatcherServlet        : Initializing Servlet 'dispatcherServlet'
2025-12-16 08:04:53.049  INFO 3684 --- [http-nio-8080-exec-1] o.s.web.servlet.DispatcherServlet        : Completed initialization in 2 ms
2025-12-16 08:08:46.628  WARN 3684 --- [Thread-8] c.a.nacos.common.notify.NotifyCenter     : [NotifyCenter] Start destroying Publisher
2025-12-16 08:08:46.628  WARN 3684 --- [Thread-11] c.a.n.common.http.HttpClientBeanHolder   : [HttpClientBeanHolder] Start destroying common HttpClient
2025-12-16 08:08:46.628  WARN 3684 --- [Thread-8] c.a.nacos.common.notify.NotifyCenter     : [NotifyCenter] Destruction of the end
2025-12-16 08:08:46.628  WARN 3684 --- [Thread-11] c.a.n.common.http.HttpClientBeanHolder   : [HttpClientBeanHolder] Destruction of the end
2025-12-16 08:08:46.643  INFO 3684 --- [SpringApplicationShutdownHook] c.a.c.n.registry.NacosServiceRegistry    : De-registering from Nacos Server now...
2025-12-16 08:08:46.646  INFO 3684 --- [SpringApplicationShutdownHook] c.a.c.n.registry.NacosServiceRegistry    : De-registration finished.
2025-12-16 08:37:30.387  INFO 7032 --- [restartedMain] c.a.n.client.env.SearchableProperties    : properties search order:PROPERTIES->JVM->ENV->DEFAULT_SETTING
2025-12-16 08:37:30.465  INFO 7032 --- [restartedMain] edu.ecopm.frontend.FrontendApplication   : Starting FrontendApplication using Java 17.0.12 on LAPTOP-4SPRK4PM with PID 7032 (D:\project\ECOPM-System\frontend\target\classes started by jayet in D:\project\ECOPM-System)
2025-12-16 08:37:30.466  INFO 7032 --- [restartedMain] edu.ecopm.frontend.FrontendApplication   : No active profile set, falling back to 1 default profile: "default"
2025-12-16 08:37:30.489  INFO 7032 --- [restartedMain] .e.DevToolsPropertyDefaultsPostProcessor : Devtools property defaults active! Set 'spring.devtools.add-properties' to 'false' to disable
2025-12-16 08:37:30.490  INFO 7032 --- [restartedMain] .e.DevToolsPropertyDefaultsPostProcessor : For additional web related logging consider setting the 'logging.level.web' property to 'DEBUG'
2025-12-16 08:37:30.912  INFO 7032 --- [restartedMain] o.s.cloud.context.scope.GenericScope     : BeanFactory id=c88af1ae-1c7d-3891-a900-1df9c27edbe9
2025-12-16 08:37:31.139  INFO 7032 --- [restartedMain] o.s.b.w.embedded.tomcat.TomcatWebServer  : Tomcat initialized with port(s): 8080 (http)
2025-12-16 08:37:31.147  INFO 7032 --- [restartedMain] o.apache.catalina.core.StandardService   : Starting service [Tomcat]
2025-12-16 08:37:31.147  INFO 7032 --- [restartedMain] org.apache.catalina.core.StandardEngine  : Starting Servlet engine: [Apache Tomcat/9.0.68]
2025-12-16 08:37:31.210  INFO 7032 --- [restartedMain] o.a.c.c.C.[Tomcat].[localhost].[/]       : Initializing Spring embedded WebApplicationContext
2025-12-16 08:37:31.210  INFO 7032 --- [restartedMain] w.s.c.ServletWebServerApplicationContext : Root WebApplicationContext: initialization completed in 720 ms
2025-12-16 08:37:31.375  INFO 7032 --- [restartedMain] o.s.b.a.w.s.WelcomePageHandlerMapping    : Adding welcome page: class path resource [static/index.html]
2025-12-16 08:37:32.533  INFO 7032 --- [restartedMain] o.s.cloud.commons.util.InetUtils         : Cannot determine local hostname
2025-12-16 08:37:32.657  WARN 7032 --- [restartedMain] o.s.b.d.a.OptionalLiveReloadServer       : Unable to start LiveReload server
2025-12-16 08:37:33.760  INFO 7032 --- [restartedMain] o.s.cloud.commons.util.InetUtils         : Cannot determine local hostname
2025-12-16 08:37:33.795  WARN 7032 --- [restartedMain] ConfigServletWebServerApplicationContext : Exception encountered during context initialization - cancelling refresh attempt: org.springframework.context.ApplicationContextException: Failed to start bean 'webServerStartStop'; nested exception is org.springframework.boot.web.server.PortInUseException: Port 8080 is already in use
2025-12-16 08:37:33.797  INFO 7032 --- [restartedMain] o.apache.catalina.core.StandardService   : Stopping service [Tomcat]
2025-12-16 08:37:33.803  INFO 7032 --- [restartedMain] ConditionEvaluationReportLoggingListener : 

Error starting ApplicationContext. To display the conditions report re-run your application with 'debug' enabled.
2025-12-16 08:37:33.811 ERROR 7032 --- [restartedMain] o.s.b.d.LoggingFailureAnalysisReporter   : 

***************************
APPLICATION FAILED TO START
***************************

Description:

Web server failed to start. Port 8080 was already in use.

Action:

Identify and stop the process that's listening on port 8080 or configure this application to listen on another port.

2025-12-16 08:39:40.032  INFO 36960 --- [restartedMain] c.a.n.client.env.SearchableProperties    : properties search order:PROPERTIES->JVM->ENV->DEFAULT_SETTING
2025-12-16 08:39:40.094  INFO 36960 --- [restartedMain] edu.ecopm.frontend.FrontendApplication   : Starting FrontendApplication using Java 17.0.12 on LAPTOP-4SPRK4PM with PID 36960 (D:\project\ECOPM-System\frontend\target\classes started by jayet in D:\project\ECOPM-System)
2025-12-16 08:39:40.094  INFO 36960 --- [restartedMain] edu.ecopm.frontend.FrontendApplication   : No active profile set, falling back to 1 default profile: "default"
2025-12-16 08:39:40.114  INFO 36960 --- [restartedMain] .e.DevToolsPropertyDefaultsPostProcessor : Devtools property defaults active! Set 'spring.devtools.add-properties' to 'false' to disable
2025-12-16 08:39:40.114  INFO 36960 --- [restartedMain] .e.DevToolsPropertyDefaultsPostProcessor : For additional web related logging consider setting the 'logging.level.web' property to 'DEBUG'
2025-12-16 08:39:40.418  INFO 36960 --- [restartedMain] o.s.cloud.context.scope.GenericScope     : BeanFactory id=c88af1ae-1c7d-3891-a900-1df9c27edbe9
2025-12-16 08:39:40.598  INFO 36960 --- [restartedMain] o.s.b.w.embedded.tomcat.TomcatWebServer  : Tomcat initialized with port(s): 8080 (http)
2025-12-16 08:39:40.602  INFO 36960 --- [restartedMain] o.apache.catalina.core.StandardService   : Starting service [Tomcat]
2025-12-16 08:39:40.602  INFO 36960 --- [restartedMain] org.apache.catalina.core.StandardEngine  : Starting Servlet engine: [Apache Tomcat/9.0.68]
2025-12-16 08:39:40.639  INFO 36960 --- [restartedMain] o.a.c.c.C.[Tomcat].[localhost].[/]       : Initializing Spring embedded WebApplicationContext
2025-12-16 08:39:40.639  INFO 36960 --- [restartedMain] w.s.c.ServletWebServerApplicationContext : Root WebApplicationContext: initialization completed in 525 ms
2025-12-16 08:39:40.742  INFO 36960 --- [restartedMain] o.s.b.a.w.s.WelcomePageHandlerMapping    : Adding welcome page: class path resource [static/index.html]
2025-12-16 08:39:41.849  INFO 36960 --- [restartedMain] o.s.cloud.commons.util.InetUtils         : Cannot determine local hostname
2025-12-16 08:39:41.974  WARN 36960 --- [restartedMain] o.s.b.d.a.OptionalLiveReloadServer       : Unable to start LiveReload server
2025-12-16 08:39:43.057  INFO 36960 --- [restartedMain] o.s.cloud.commons.util.InetUtils         : Cannot determine local hostname
2025-12-16 08:39:43.103  INFO 36960 --- [restartedMain] o.s.b.w.embedded.tomcat.TomcatWebServer  : Tomcat started on port(s): 8080 (http) with context path ''
2025-12-16 08:39:43.124  INFO 36960 --- [restartedMain] c.a.n.p.a.s.c.ClientAuthPluginManager    : [ClientAuthPluginManager] Load ClientAuthService com.alibaba.nacos.client.auth.impl.NacosClientAuthServiceImpl success.
2025-12-16 08:39:43.124  INFO 36960 --- [restartedMain] c.a.n.p.a.s.c.ClientAuthPluginManager    : [ClientAuthPluginManager] Load ClientAuthService com.alibaba.nacos.client.auth.ram.RamClientAuthServiceImpl success.
2025-12-16 08:39:43.647  INFO 36960 --- [restartedMain] c.a.c.n.registry.NacosServiceRegistry    : nacos registry, DEFAULT_GROUP frontend-service 26.104.147.216:8080 register finished
2025-12-16 08:39:44.733  INFO 36960 --- [restartedMain] o.s.cloud.commons.util.InetUtils         : Cannot determine local hostname
2025-12-16 08:39:44.739  INFO 36960 --- [restartedMain] edu.ecopm.frontend.FrontendApplication   : Started FrontendApplication in 5.97 seconds (JVM running for 6.266)
2025-12-16 08:39:53.537  INFO 36960 --- [http-nio-8080-exec-1] o.a.c.c.C.[Tomcat].[localhost].[/]       : Initializing Spring DispatcherServlet 'dispatcherServlet'
2025-12-16 08:39:53.537  INFO 36960 --- [http-nio-8080-exec-1] o.s.web.servlet.DispatcherServlet        : Initializing Servlet 'dispatcherServlet'
2025-12-16 08:39:53.537  INFO 36960 --- [http-nio-8080-exec-1] o.s.web.servlet.DispatcherServlet        : Completed initialization in 0 ms
2025-12-16 08:51:27.609  WARN 36960 --- [Thread-8] c.a.nacos.common.notify.NotifyCenter     : [NotifyCenter] Start destroying Publisher
2025-12-16 08:51:27.609  WARN 36960 --- [Thread-11] c.a.n.common.http.HttpClientBeanHolder   : [HttpClientBeanHolder] Start destroying common HttpClient
2025-12-16 08:51:27.609  WARN 36960 --- [Thread-8] c.a.nacos.common.notify.NotifyCenter     : [NotifyCenter] Destruction of the end
2025-12-16 08:51:27.609  WARN 36960 --- [Thread-11] c.a.n.common.http.HttpClientBeanHolder   : [HttpClientBeanHolder] Destruction of the end
2025-12-16 08:51:27.628  INFO 36960 --- [SpringApplicationShutdownHook] c.a.c.n.registry.NacosServiceRegistry    : De-registering from Nacos Server now...
2025-12-16 08:51:27.631  INFO 36960 --- [SpringApplicationShutdownHook] c.a.c.n.registry.NacosServiceRegistry    : De-registration finished.
2025-12-16 09:03:58.809  INFO 10524 --- [restartedMain] c.a.n.client.env.SearchableProperties    : properties search order:PROPERTIES->JVM->ENV->DEFAULT_SETTING
2025-12-16 09:03:58.872  INFO 10524 --- [restartedMain] edu.ecopm.frontend.FrontendApplication   : Starting FrontendApplication using Java 17.0.12 on LAPTOP-4SPRK4PM with PID 10524 (D:\project\ECOPM-System\frontend\target\classes started by jayet in D:\project\ECOPM-System)
2025-12-16 09:03:58.873  INFO 10524 --- [restartedMain] edu.ecopm.frontend.FrontendApplication   : No active profile set, falling back to 1 default profile: "default"
2025-12-16 09:03:58.893  INFO 10524 --- [restartedMain] .e.DevToolsPropertyDefaultsPostProcessor : Devtools property defaults active! Set 'spring.devtools.add-properties' to 'false' to disable
2025-12-16 09:03:58.893  INFO 10524 --- [restartedMain] .e.DevToolsPropertyDefaultsPostProcessor : For additional web related logging consider setting the 'logging.level.web' property to 'DEBUG'
2025-12-16 09:03:59.226  INFO 10524 --- [restartedMain] o.s.cloud.context.scope.GenericScope     : BeanFactory id=c88af1ae-1c7d-3891-a900-1df9c27edbe9
2025-12-16 09:03:59.407  INFO 10524 --- [restartedMain] o.s.b.w.embedded.tomcat.TomcatWebServer  : Tomcat initialized with port(s): 8080 (http)
2025-12-16 09:03:59.412  INFO 10524 --- [restartedMain] o.apache.catalina.core.StandardService   : Starting service [Tomcat]
2025-12-16 09:03:59.412  INFO 10524 --- [restartedMain] org.apache.catalina.core.StandardEngine  : Starting Servlet engine: [Apache Tomcat/9.0.68]
2025-12-16 09:03:59.448  INFO 10524 --- [restartedMain] o.a.c.c.C.[Tomcat].[localhost].[/]       : Initializing Spring embedded WebApplicationContext
2025-12-16 09:03:59.448  INFO 10524 --- [restartedMain] w.s.c.ServletWebServerApplicationContext : Root WebApplicationContext: initialization completed in 555 ms
2025-12-16 09:03:59.554  INFO 10524 --- [restartedMain] o.s.b.a.w.s.WelcomePageHandlerMapping    : Adding welcome page: class path resource [static/index.html]
2025-12-16 09:04:00.667  INFO 10524 --- [restartedMain] o.s.cloud.commons.util.InetUtils         : Cannot determine local hostname
2025-12-16 09:04:00.785  WARN 10524 --- [restartedMain] o.s.b.d.a.OptionalLiveReloadServer       : Unable to start LiveReload server
2025-12-16 09:04:01.876  INFO 10524 --- [restartedMain] o.s.cloud.commons.util.InetUtils         : Cannot determine local hostname
2025-12-16 09:04:01.913  INFO 10524 --- [restartedMain] o.s.b.w.embedded.tomcat.TomcatWebServer  : Tomcat started on port(s): 8080 (http) with context path ''
2025-12-16 09:04:01.936  INFO 10524 --- [restartedMain] c.a.n.p.a.s.c.ClientAuthPluginManager    : [ClientAuthPluginManager] Load ClientAuthService com.alibaba.nacos.client.auth.impl.NacosClientAuthServiceImpl success.
2025-12-16 09:04:01.936  INFO 10524 --- [restartedMain] c.a.n.p.a.s.c.ClientAuthPluginManager    : [ClientAuthPluginManager] Load ClientAuthService com.alibaba.nacos.client.auth.ram.RamClientAuthServiceImpl success.
2025-12-16 09:04:02.443  INFO 10524 --- [restartedMain] c.a.c.n.registry.NacosServiceRegistry    : nacos registry, DEFAULT_GROUP frontend-service 26.104.147.216:8080 register finished
2025-12-16 09:04:03.528  INFO 10524 --- [restartedMain] o.s.cloud.commons.util.InetUtils         : Cannot determine local hostname
2025-12-16 09:04:03.533  INFO 10524 --- [restartedMain] edu.ecopm.frontend.FrontendApplication   : Started FrontendApplication in 5.998 seconds (JVM running for 6.343)
2025-12-16 09:04:10.968  INFO 10524 --- [http-nio-8080-exec-1] o.a.c.c.C.[Tomcat].[localhost].[/]       : Initializing Spring DispatcherServlet 'dispatcherServlet'
2025-12-16 09:04:10.968  INFO 10524 --- [http-nio-8080-exec-1] o.s.web.servlet.DispatcherServlet        : Initializing Servlet 'dispatcherServlet'
2025-12-16 09:04:10.968  INFO 10524 --- [http-nio-8080-exec-1] o.s.web.servlet.DispatcherServlet        : Completed initialization in 0 ms
2025-12-16 10:09:28.435  WARN 10524 --- [Thread-11] c.a.n.common.http.HttpClientBeanHolder   : [HttpClientBeanHolder] Start destroying common HttpClient
2025-12-16 10:09:28.435  WARN 10524 --- [Thread-8] c.a.nacos.common.notify.NotifyCenter     : [NotifyCenter] Start destroying Publisher
2025-12-16 10:09:28.436  WARN 10524 --- [Thread-8] c.a.nacos.common.notify.NotifyCenter     : [NotifyCenter] Destruction of the end
2025-12-16 10:09:28.437  WARN 10524 --- [Thread-11] c.a.n.common.http.HttpClientBeanHolder   : [HttpClientBeanHolder] Destruction of the end
2025-12-16 10:09:28.463  INFO 10524 --- [SpringApplicationShutdownHook] c.a.c.n.registry.NacosServiceRegistry    : De-registering from Nacos Server now...
2025-12-16 10:09:28.467  INFO 10524 --- [SpringApplicationShutdownHook] c.a.c.n.registry.NacosServiceRegistry    : De-registration finished.
2025-12-16 10:09:31.274  INFO 32100 --- [restartedMain] c.a.n.client.env.SearchableProperties    : properties search order:PROPERTIES->JVM->ENV->DEFAULT_SETTING
2025-12-16 10:09:31.370  INFO 32100 --- [restartedMain] edu.ecopm.frontend.FrontendApplication   : Starting FrontendApplication using Java 17.0.12 on LAPTOP-4SPRK4PM with PID 32100 (D:\project\ECOPM-System\frontend\target\classes started by jayet in D:\project\ECOPM-System)
2025-12-16 10:09:31.371  INFO 32100 --- [restartedMain] edu.ecopm.frontend.FrontendApplication   : No active profile set, falling back to 1 default profile: "default"
2025-12-16 10:09:31.398  INFO 32100 --- [restartedMain] .e.DevToolsPropertyDefaultsPostProcessor : Devtools property defaults active! Set 'spring.devtools.add-properties' to 'false' to disable
2025-12-16 10:09:31.399  INFO 32100 --- [restartedMain] .e.DevToolsPropertyDefaultsPostProcessor : For additional web related logging consider setting the 'logging.level.web' property to 'DEBUG'
2025-12-16 10:09:31.731  INFO 32100 --- [restartedMain] o.s.cloud.context.scope.GenericScope     : BeanFactory id=c88af1ae-1c7d-3891-a900-1df9c27edbe9
2025-12-16 10:09:31.967  INFO 32100 --- [restartedMain] o.s.b.w.embedded.tomcat.TomcatWebServer  : Tomcat initialized with port(s): 8080 (http)
2025-12-16 10:09:31.972  INFO 32100 --- [restartedMain] o.apache.catalina.core.StandardService   : Starting service [Tomcat]
2025-12-16 10:09:31.972  INFO 32100 --- [restartedMain] org.apache.catalina.core.StandardEngine  : Starting Servlet engine: [Apache Tomcat/9.0.68]
2025-12-16 10:09:32.014  INFO 32100 --- [restartedMain] o.a.c.c.C.[Tomcat].[localhost].[/]       : Initializing Spring embedded WebApplicationContext
2025-12-16 10:09:32.015  INFO 32100 --- [restartedMain] w.s.c.ServletWebServerApplicationContext : Root WebApplicationContext: initialization completed in 616 ms
2025-12-16 10:09:32.117  INFO 32100 --- [restartedMain] o.s.b.a.w.s.WelcomePageHandlerMapping    : Adding welcome page: class path resource [static/index.html]
2025-12-16 10:09:33.227  INFO 32100 --- [restartedMain] o.s.cloud.commons.util.InetUtils         : Cannot determine local hostname
2025-12-16 10:09:33.345  WARN 32100 --- [restartedMain] o.s.b.d.a.OptionalLiveReloadServer       : Unable to start LiveReload server
2025-12-16 10:09:34.443  INFO 32100 --- [restartedMain] o.s.cloud.commons.util.InetUtils         : Cannot determine local hostname
2025-12-16 10:09:34.483  INFO 32100 --- [restartedMain] o.s.b.w.embedded.tomcat.TomcatWebServer  : Tomcat started on port(s): 8080 (http) with context path ''
2025-12-16 10:09:34.504  INFO 32100 --- [restartedMain] c.a.n.p.a.s.c.ClientAuthPluginManager    : [ClientAuthPluginManager] Load ClientAuthService com.alibaba.nacos.client.auth.impl.NacosClientAuthServiceImpl success.
2025-12-16 10:09:34.504  INFO 32100 --- [restartedMain] c.a.n.p.a.s.c.ClientAuthPluginManager    : [ClientAuthPluginManager] Load ClientAuthService com.alibaba.nacos.client.auth.ram.RamClientAuthServiceImpl success.
2025-12-16 10:09:35.071  INFO 32100 --- [restartedMain] c.a.c.n.registry.NacosServiceRegistry    : nacos registry, DEFAULT_GROUP frontend-service 26.104.147.216:8080 register finished
2025-12-16 10:09:36.154  INFO 32100 --- [restartedMain] o.s.cloud.commons.util.InetUtils         : Cannot determine local hostname
2025-12-16 10:09:36.161  INFO 32100 --- [restartedMain] edu.ecopm.frontend.FrontendApplication   : Started FrontendApplication in 6.162 seconds (JVM running for 6.516)
2025-12-16 10:09:44.166  INFO 32100 --- [http-nio-8080-exec-1] o.a.c.c.C.[Tomcat].[localhost].[/]       : Initializing Spring DispatcherServlet 'dispatcherServlet'
2025-12-16 10:09:44.166  INFO 32100 --- [http-nio-8080-exec-1] o.s.web.servlet.DispatcherServlet        : Initializing Servlet 'dispatcherServlet'
2025-12-16 10:09:44.166  INFO 32100 --- [http-nio-8080-exec-1] o.s.web.servlet.DispatcherServlet        : Completed initialization in 0 ms
2025-12-16 10:11:19.488  WARN 32100 --- [Thread-11] c.a.n.common.http.HttpClientBeanHolder   : [HttpClientBeanHolder] Start destroying common HttpClient
2025-12-16 10:11:19.488  WARN 32100 --- [Thread-8] c.a.nacos.common.notify.NotifyCenter     : [NotifyCenter] Start destroying Publisher
2025-12-16 10:11:19.488  WARN 32100 --- [Thread-8] c.a.nacos.common.notify.NotifyCenter     : [NotifyCenter] Destruction of the end
2025-12-16 10:11:19.488  WARN 32100 --- [Thread-11] c.a.n.common.http.HttpClientBeanHolder   : [HttpClientBeanHolder] Destruction of the end
2025-12-16 10:11:19.505  INFO 32100 --- [SpringApplicationShutdownHook] c.a.c.n.registry.NacosServiceRegistry    : De-registering from Nacos Server now...
2025-12-16 10:11:19.509  INFO 32100 --- [SpringApplicationShutdownHook] c.a.c.n.registry.NacosServiceRegistry    : De-registration finished.
